androidlockpattern2/build/outputs/proguard/release/seeds.txt
com.haibison.android.lockpattern.LockPatternActivity
com.haibison.android.lockpattern.LockPatternActivity$ButtonOkCommand: com.haibison.android.lockpattern.LockPatternActivity$ButtonOkCommand[] values()
com.haibison.android.lockpattern.LockPatternActivity$ButtonOkCommand: com.haibison.android.lockpattern.LockPatternActivity$ButtonOkCommand valueOf(java.lang.String)
com.haibison.android.lockpattern.util.UI$ScreenSize: com.haibison.android.lockpattern.util.UI$ScreenSize[] values()
com.haibison.android.lockpattern.util.UI$ScreenSize: com.haibison.android.lockpattern.util.UI$ScreenSize valueOf(java.lang.String)
com.haibison.android.lockpattern.widget.LockPatternView
com.haibison.android.lockpattern.widget.LockPatternView: LockPatternView(android.content.Context)
com.haibison.android.lockpattern.widget.LockPatternView: LockPatternView(android.content.Context,android.util.AttributeSet)
com.haibison.android.lockpattern.widget.LockPatternView$Cell
com.haibison.android.lockpattern.widget.LockPatternView$Cell: android.os.Parcelable$Creator CREATOR
com.haibison.android.lockpattern.widget.LockPatternView$DisplayMode: com.haibison.android.lockpattern.widget.LockPatternView$DisplayMode[] values()
com.haibison.android.lockpattern.widget.LockPatternView$DisplayMode: com.haibison.android.lockpattern.widget.LockPatternView$DisplayMode valueOf(java.lang.String)
com.haibison.android.lockpattern.widget.LockPatternView$SavedState
com.haibison.android.lockpattern.widget.LockPatternView$SavedState: android.os.Parcelable$Creator CREATOR
com.haibison.android.lockpattern.widget.LockPatternView_v14
com.haibison.android.lockpattern.widget.LockPatternView_v14: LockPatternView_v14(android.content.Context)
com.haibison.android.lockpattern.widget.LockPatternView_v14: LockPatternView_v14(android.content.Context,android.util.AttributeSet)