androidlockpattern2/build/outputs/proguard/release/mapping.txt
com.haibison.android.lockpattern.LockPatternActivity -> com.haibison.android.lockpattern.LockPatternActivity:
    java.lang.String CLASSNAME -> k
    java.lang.String ACTION_CREATE_PATTERN -> a
    java.lang.String ACTION_COMPARE_PATTERN -> b
    java.lang.String ACTION_VERIFY_CAPTCHA -> c
    java.lang.String EXTRA_RETRY_COUNT -> d
    java.lang.String EXTRA_THEME -> e
    java.lang.String EXTRA_PATTERN -> f
    java.lang.String EXTRA_RESULT_RECEIVER -> g
    java.lang.String EXTRA_PENDING_INTENT_OK -> h
    java.lang.String EXTRA_PENDING_INTENT_CANCELLED -> i
    java.lang.String EXTRA_INTENT_ACTIVITY_FORGOT_PATTERN -> j
    int mMaxRetries -> l
    int mMinWiredDots -> m
    int mRetryCount -> n
    int mCaptchaWiredDots -> o
    boolean mAutoSave -> p
    boolean mStealthMode -> q
    com.haibison.android.lockpattern.util.IEncrypter mEncrypter -> r
    int mBtnOkCmd$125e2c4e -> s
    android.content.Intent mIntentResult -> t
    android.widget.TextView mTextInfo -> u
    com.haibison.android.lockpattern.widget.LockPatternView mLockPatternView -> v
    android.view.View mFooter -> w
    android.widget.Button mBtnCancel -> x
    android.widget.Button mBtnConfirm -> y
    com.haibison.android.lockpattern.widget.LockPatternView$OnPatternListener mLockPatternViewListener -> z
    android.view.View$OnClickListener mBtnCancelOnClickListener -> A
    android.view.View$OnClickListener mBtnConfirmOnClickListener -> B
    java.lang.Runnable mLockPatternViewReloader -> C
com.haibison.android.lockpattern.LockPatternActivity$1 -> com.haibison.android.lockpattern.a:
    java.util.List val$pattern -> a
    com.haibison.android.lockpattern.LockPatternActivity this$0 -> b
    void onPostExecute(java.lang.Object) -> onPostExecute
    java.lang.Object doInBackground(java.lang.Object[]) -> doInBackground
com.haibison.android.lockpattern.LockPatternActivity$2 -> com.haibison.android.lockpattern.b:
    java.util.List val$pattern -> a
    com.haibison.android.lockpattern.LockPatternActivity this$0 -> b
    void onPostExecute(java.lang.Object) -> onPostExecute
    java.lang.Object doInBackground(java.lang.Object[]) -> doInBackground
com.haibison.android.lockpattern.LockPatternActivity$3 -> com.haibison.android.lockpattern.c:
    java.util.List val$pattern -> a
    com.haibison.android.lockpattern.LockPatternActivity this$0 -> b
    void onPostExecute(java.lang.Object) -> onPostExecute
    java.lang.Object doInBackground(java.lang.Object[]) -> doInBackground
com.haibison.android.lockpattern.LockPatternActivity$4 -> com.haibison.android.lockpattern.d:
    com.haibison.android.lockpattern.LockPatternActivity this$0 -> a
    void onPatternStart() -> a
    void onPatternDetected(java.util.List) -> a
    void onPatternCleared() -> b
com.haibison.android.lockpattern.LockPatternActivity$5 -> com.haibison.android.lockpattern.e:
    com.haibison.android.lockpattern.LockPatternActivity this$0 -> a
    void onClick(android.view.View) -> onClick
com.haibison.android.lockpattern.LockPatternActivity$6 -> com.haibison.android.lockpattern.f:
    com.haibison.android.lockpattern.LockPatternActivity this$0 -> a
    void onClick(android.view.View) -> onClick
com.haibison.android.lockpattern.LockPatternActivity$7 -> com.haibison.android.lockpattern.g:
    com.haibison.android.lockpattern.LockPatternActivity this$0 -> a
    void run() -> run
com.haibison.android.lockpattern.LockPatternActivity$8 -> com.haibison.android.lockpattern.h:
    int[] $SwitchMap$com$haibison$android$lockpattern$LockPatternActivity$ButtonOkCommand -> a
com.haibison.android.lockpattern.LockPatternActivity$ButtonOkCommand -> com.haibison.android.lockpattern.i:
    int CONTINUE$125e2c4e -> a
    int FORGOT_PATTERN$125e2c4e -> b
    int DONE$125e2c4e -> c
    int[] $VALUES$51d57433 -> d
    int[] values$5a026454() -> a
com.haibison.android.lockpattern.util.IEncrypter -> com.haibison.android.lockpattern.util.a:
    char[] encrypt$4eab087a() -> a
    java.util.List decrypt$22f62f2c() -> b